app/build/outputs/mapping/release/mapping.txt
com.rbardini.carteiro.CarteiroApplication -> com.rbardini.carteiro.CarteiroApplication:
    com.rbardini.carteiro.CarteiroApplication$State state -> a
    com.google.android.gms.analytics.Tracker tracker -> b
    java.util.Set updatedCods -> c
    boolean updatedList -> d
    void <init>() -> <init>
    void onCreate() -> onCreate
    com.rbardini.carteiro.db.DatabaseHelper getDatabaseHelper() -> a
    boolean addUpdatedCod(java.lang.String) -> a
    java.util.Set getUpdatedCods() -> b
    boolean isUpdatedCod(java.lang.String) -> b
    void setUpdatedList() -> c
    boolean hasUpdate() -> d
    void clearUpdate() -> e
    void setTheme() -> f
    void scheduleSync() -> g
com.rbardini.carteiro.CarteiroApplication$1 -> com.rbardini.carteiro.CarteiroApplication$1:
com.rbardini.carteiro.CarteiroApplication$State -> com.rbardini.carteiro.CarteiroApplication$a:
    com.rbardini.carteiro.svc.DetachableResultReceiver receiver -> a
    boolean syncing -> b
    void <init>() -> <init>
    void <init>(com.rbardini.carteiro.CarteiroApplication$1) -> <init>
com.rbardini.carteiro.db.DatabaseHelper -> com.rbardini.carteiro.a.a:
    java.text.DateFormat iso8601 -> a
    java.util.Map SuggestMap -> b
    com.rbardini.carteiro.db.DatabaseHelper instance -> c
    com.rbardini.carteiro.db.DatabaseHelper$SQLiteOpenHelper oh -> d
    android.database.sqlite.SQLiteDatabase db -> e
    com.rbardini.carteiro.svc.BackupManagerWrapper bm -> f
    boolean backupAvailable -> g
    void <init>(android.content.Context) -> <init>
    com.rbardini.carteiro.db.DatabaseHelper getInstance(android.content.Context) -> a
    void beginTransaction() -> a
    boolean inTransaction() -> b
    void endTransaction() -> c
    void setTransactionSuccessful() -> d
    java.io.File exportDatabase(android.content.Context,java.io.File) -> a
    java.io.File importDatabase(android.content.Context,java.io.File) -> b
    boolean insertPostalItem(com.rbardini.carteiro.model.PostalItem) -> a
    boolean insertPostalRecord(com.rbardini.carteiro.model.PostalRecord,int) -> a
    boolean insertPostalRecords(java.util.List) -> a
    int renamePostalItem(java.lang.String,java.lang.String) -> a
    void setPostalItemFav(java.lang.String,int) -> a
    void togglePostalItemFav(java.lang.String) -> a
    void favPostalItem(java.lang.String) -> b
    void unfavPostalItem(java.lang.String) -> c
    void setPostalItemArchived(java.lang.String,int) -> b
    void togglePostalItemArchived(java.lang.String) -> d
    void archivePostalItem(java.lang.String) -> e
com.rbardini.carteiro.db.DatabaseHelper$Query -> com.rbardini.carteiro.a.a$a:
    java.util.Map CreateMap -> a
    java.util.Map DropMap -> b
    java.util.Map buildCreateMap() -> a
    java.util.Map buildDropMap() -> b
    java.lang.String getCreate(java.lang.String) -> a
    java.lang.String getDrop(java.lang.String) -> b
    void <clinit>() -> <clinit>
com.rbardini.carteiro.db.DatabaseHelper$SQLiteOpenHelper -> com.rbardini.carteiro.a.a$b:
    com.rbardini.carteiro.db.DatabaseHelper this$0 -> a
    void <init>(com.rbardini.carteiro.db.DatabaseHelper,android.content.Context) -> <init>
    void onCreate(android.database.sqlite.SQLiteDatabase) -> onCreate
    void onUpgrade(android.database.sqlite.SQLiteDatabase,int,int) -> onUpgrade
...
com.google.android.gms.internal.zzaai$zza -> com.google.android.gms.internal.a$a:
    com.google.android.gms.internal.zzaai zzaAI -> a
    void <init>(com.google.android.gms.internal.zzaai) -> <init>
    void zzo(android.os.Bundle) -> zzo
    void zzc(com.google.android.gms.common.ConnectionResult) -> zzc
    void zzc(int,boolean) -> zzc
    void <init>(com.google.android.gms.internal.zzaai,com.google.android.gms.internal.zzaai$1) -> <init>
com.google.android.gms.internal.zzaai$zzb -> com.google.android.gms.internal.a$b:
    com.google.android.gms.internal.zzaai zzaAI -> a
    void <init>(com.google.android.gms.internal.zzaai) -> <init>
    void zzo(android.os.Bundle) -> zzo
    void zzc(com.google.android.gms.common.ConnectionResult) -> zzc
    void zzc(int,boolean) -> zzc
    void <init>(com.google.android.gms.internal.zzaai,com.google.android.gms.internal.zzaai$1) -> <init>
com.google.android.gms.internal.zzaaj -> com.google.android.gms.internal.zzaaj:
    com.google.android.gms.common.api.Api$zze zzaAJ -> zzaAJ
    com.google.android.gms.internal.zzaag zzaAK -> zzaAK
    com.google.android.gms.common.internal.zzg zzaAL -> zzaAL
    com.google.android.gms.common.api.Api$zza zzazo -> zzazo
    void <init>(android.content.Context,com.google.android.gms.common.api.Api,android.os.Looper,com.google.android.gms.common.api.Api$zze,com.google.android.gms.internal.zzaag,com.google.android.gms.common.internal.zzg,com.google.android.gms.common.api.Api$zza) -> <init>
    com.google.android.gms.common.api.Api$zze zzvU() -> zzvU
    com.google.android.gms.common.api.Api$zze buildApiClient(android.os.Looper,com.google.android.gms.internal.zzaax$zza) -> buildApiClient
    com.google.android.gms.internal.zzabr createSignInCoordinator(android.content.Context,android.os.Handler) -> createSignInCoordinator
com.google.android.gms.internal.zzaak -> com.google.android.gms.internal.zzaak:
    java.util.Map zzaAM -> zzaAM
    java.util.Map zzaAN -> zzaAN
    java.util.Map zzaAO -> zzaAO
    com.google.android.gms.internal.zzaax zzayX -> zzayX
    com.google.android.gms.internal.zzaat zzaAP -> zzaAP
    java.util.concurrent.locks.Lock zzaAG -> zzaAG
    android.os.Looper zzrs -> zzrs
    com.google.android.gms.common.zze zzaAQ -> zzaAQ
    java.util.concurrent.locks.Condition zzaAR -> zzaAR
    com.google.android.gms.common.internal.zzg zzaAL -> zzaAL
    boolean zzaAS -> zzaAS
    boolean zzaAT -> zzaAT
    java.util.Queue zzaAU -> zzaAU
    boolean zzaAV -> zzaAV
    java.util.Map zzaAW -> zzaAW
    java.util.Map zzaAX -> zzaAX
    com.google.android.gms.internal.zzaak$zzb zzaAY -> zzaAY
    com.google.android.gms.common.ConnectionResult zzaAZ -> zzaAZ
    void <init>(android.content.Context,java.util.concurrent.locks.Lock,android.os.Looper,com.google.android.gms.common.zze,java.util.Map,com.google.android.gms.common.internal.zzg,java.util.Map,com.google.android.gms.common.api.Api$zza,java.util.ArrayList,com.google.android.gms.internal.zzaat,boolean) -> <init>
    com.google.android.gms.internal.zzaad$zza zza(com.google.android.gms.internal.zzaad$zza) -> zza
    com.google.android.gms.internal.zzaad$zza zzb(com.google.android.gms.internal.zzaad$zza) -> zzb
    boolean zzd(com.google.android.gms.internal.zzaad$zza) -> zzd
    void connect() -> connect
com.google.android.gms.internal.zzaak$1 -> com.google.android.gms.internal.zzaak$1:
com.google.android.gms.internal.zzaak$zza -> com.google.android.gms.internal.zzaak$a:
    com.google.android.gms.internal.zzaak zzaBa -> a
    void <init>(com.google.android.gms.internal.zzaak) -> <init>
    void onComplete(com.google.android.gms.tasks.Task) -> onComplete
    void <init>(com.google.android.gms.internal.zzaak,com.google.android.gms.internal.zzaak$1) -> <init>